..\map-server_sql.pdb
C:\USERS\ATLAS\DOCUMENTS\XILERO EMULATOR\XILERO\MAP-SERVER_SQL.EXE
C:\USERS\ATLAS\DOCUMENTS\XILERO EMULATOR\XILERO\MAP-SERVER_SQL.PDB
C:\Users\atlas\Documents\XileRO Emulator\XileRO\vcproj-9\..\map-server_sql.exe
C:\USERS\ATLAS\DOCUMENTS\XILERO EMULATOR\XILERO\VCPROJ-9\MAP-SERVER_SQL\RELEASE\ATCOMMAND.OBJ
C:\USERS\ATLAS\DOCUMENTS\XILERO EMULATOR\XILERO\VCPROJ-9\MAP-SERVER_SQL\RELEASE\BATTLE.OBJ
C:\USERS\ATLAS\DOCUMENTS\XILERO EMULATOR\XILERO\VCPROJ-9\MAP-SERVER_SQL\RELEASE\BATTLEGROUND.OBJ
C:\USERS\ATLAS\DOCUMENTS\XILERO EMULATOR\XILERO\VCPROJ-9\MAP-SERVER_SQL\RELEASE\BUYINGSTORE.OBJ
C:\USERS\ATLAS\DOCUMENTS\XILERO EMULATOR\XILERO\VCPROJ-9\MAP-SERVER_SQL\RELEASE\CHANNEL.OBJ
C:\USERS\ATLAS\DOCUMENTS\XILERO EMULATOR\XILERO\VCPROJ-9\MAP-SERVER_SQL\RELEASE\CHAT.OBJ
C:\USERS\ATLAS\DOCUMENTS\XILERO EMULATOR\XILERO\VCPROJ-9\MAP-SERVER_SQL\RELEASE\CHRIF.OBJ
C:\Users\atlas\Documents\XileRO Emulator\XileRO\vcproj-9\map-server_sql\Release\cl.command.1.tlog
C:\Users\atlas\Documents\XileRO Emulator\XileRO\vcproj-9\map-server_sql\Release\CL.read.1.tlog
C:\Users\atlas\Documents\XileRO Emulator\XileRO\vcproj-9\map-server_sql\Release\CL.write.1.tlog
C:\USERS\ATLAS\DOCUMENTS\XILERO EMULATOR\XILERO\VCPROJ-9\MAP-SERVER_SQL\RELEASE\CLIF.OBJ
C:\USERS\ATLAS\DOCUMENTS\XILERO EMULATOR\XILERO\VCPROJ-9\MAP-SERVER_SQL\RELEASE\CORE.OBJ
C:\USERS\ATLAS\DOCUMENTS\XILERO EMULATOR\XILERO\VCPROJ-9\MAP-SERVER_SQL\RELEASE\DATE.OBJ
C:\USERS\ATLAS\DOCUMENTS\XILERO EMULATOR\XILERO\VCPROJ-9\MAP-SERVER_SQL\RELEASE\DB.OBJ
C:\USERS\ATLAS\DOCUMENTS\XILERO EMULATOR\XILERO\VCPROJ-9\MAP-SERVER_SQL\RELEASE\DUEL.OBJ
C:\USERS\ATLAS\DOCUMENTS\XILERO EMULATOR\XILERO\VCPROJ-9\MAP-SERVER_SQL\RELEASE\ELEMENTAL.OBJ
C:\USERS\ATLAS\DOCUMENTS\XILERO EMULATOR\XILERO\VCPROJ-9\MAP-SERVER_SQL\RELEASE\ERS.OBJ
C:\USERS\ATLAS\DOCUMENTS\XILERO EMULATOR\XILERO\VCPROJ-9\MAP-SERVER_SQL\RELEASE\GRFIO.OBJ
C:\USERS\ATLAS\DOCUMENTS\XILERO EMULATOR\XILERO\VCPROJ-9\MAP-SERVER_SQL\RELEASE\GUILD.OBJ
C:\USERS\ATLAS\DOCUMENTS\XILERO EMULATOR\XILERO\VCPROJ-9\MAP-SERVER_SQL\RELEASE\HOMUNCULUS.OBJ
C:\USERS\ATLAS\DOCUMENTS\XILERO EMULATOR\XILERO\VCPROJ-9\MAP-SERVER_SQL\RELEASE\INSTANCE.OBJ
C:\USERS\ATLAS\DOCUMENTS\XILERO EMULATOR\XILERO\VCPROJ-9\MAP-SERVER_SQL\RELEASE\INTIF.OBJ
C:\USERS\ATLAS\DOCUMENTS\XILERO EMULATOR\XILERO\VCPROJ-9\MAP-SERVER_SQL\RELEASE\ITEMDB.OBJ
C:\Users\atlas\Documents\XileRO Emulator\XileRO\vcproj-9\map-server_sql\Release\link.command.1.tlog
C:\Users\atlas\Documents\XileRO Emulator\XileRO\vcproj-9\map-server_sql\Release\link.read.1.tlog
C:\Users\atlas\Documents\XileRO Emulator\XileRO\vcproj-9\map-server_sql\Release\link.write.1.tlog
C:\USERS\ATLAS\DOCUMENTS\XILERO EMULATOR\XILERO\VCPROJ-9\MAP-SERVER_SQL\RELEASE\LOCK.OBJ
C:\USERS\ATLAS\DOCUMENTS\XILERO EMULATOR\XILERO\VCPROJ-9\MAP-SERVER_SQL\RELEASE\LOG.OBJ
C:\USERS\ATLAS\DOCUMENTS\XILERO EMULATOR\XILERO\VCPROJ-9\MAP-SERVER_SQL\RELEASE\MAIL.OBJ
C:\USERS\ATLAS\DOCUMENTS\XILERO EMULATOR\XILERO\VCPROJ-9\MAP-SERVER_SQL\RELEASE\MALLOC.OBJ
C:\USERS\ATLAS\DOCUMENTS\XILERO EMULATOR\XILERO\VCPROJ-9\MAP-SERVER_SQL\RELEASE\MAP.OBJ
C:\USERS\ATLAS\DOCUMENTS\XILERO EMULATOR\XILERO\VCPROJ-9\MAP-SERVER_SQL\RELEASE\MAPINDEX.OBJ
C:\USERS\ATLAS\DOCUMENTS\XILERO EMULATOR\XILERO\VCPROJ-9\MAP-SERVER_SQL\RELEASE\MAPREG_SQL.OBJ
C:\USERS\ATLAS\DOCUMENTS\XILERO EMULATOR\XILERO\VCPROJ-9\MAP-SERVER_SQL\RELEASE\MAP-SERVER_SQL.EXE.INTERMEDIATE.MANIFEST
C:\Users\atlas\Documents\XileRO Emulator\XileRO\vcproj-9\map-server_sql\Release\map-server_sql.vcxprojResolveAssemblyReference.cache
C:\Users\atlas\Documents\XileRO Emulator\XileRO\vcproj-9\map-server_sql\Release\map-server_sql.write.1.tlog
C:\USERS\ATLAS\DOCUMENTS\XILERO EMULATOR\XILERO\VCPROJ-9\MAP-SERVER_SQL\RELEASE\MD5CALC.OBJ
C:\USERS\ATLAS\DOCUMENTS\XILERO EMULATOR\XILERO\VCPROJ-9\MAP-SERVER_SQL\RELEASE\MERCENARY.OBJ
C:\USERS\ATLAS\DOCUMENTS\XILERO EMULATOR\XILERO\VCPROJ-9\MAP-SERVER_SQL\RELEASE\MOB.OBJ
C:\Users\atlas\Documents\XileRO Emulator\XileRO\vcproj-9\map-server_sql\Release\mt.command.1.tlog
C:\Users\atlas\Documents\XileRO Emulator\XileRO\vcproj-9\map-server_sql\Release\mt.read.1.tlog
C:\Users\atlas\Documents\XileRO Emulator\XileRO\vcproj-9\map-server_sql\Release\mt.write.1.tlog
C:\USERS\ATLAS\DOCUMENTS\XILERO EMULATOR\XILERO\VCPROJ-9\MAP-SERVER_SQL\RELEASE\MT19937AR.OBJ
C:\USERS\ATLAS\DOCUMENTS\XILERO EMULATOR\XILERO\VCPROJ-9\MAP-SERVER_SQL\RELEASE\NPC.OBJ
C:\USERS\ATLAS\DOCUMENTS\XILERO EMULATOR\XILERO\VCPROJ-9\MAP-SERVER_SQL\RELEASE\NPC_CHAT.OBJ
C:\USERS\ATLAS\DOCUMENTS\XILERO EMULATOR\XILERO\VCPROJ-9\MAP-SERVER_SQL\RELEASE\NULLPO.OBJ
C:\USERS\ATLAS\DOCUMENTS\XILERO EMULATOR\XILERO\VCPROJ-9\MAP-SERVER_SQL\RELEASE\PARTY.OBJ
C:\USERS\ATLAS\DOCUMENTS\XILERO EMULATOR\XILERO\VCPROJ-9\MAP-SERVER_SQL\RELEASE\PATH.OBJ
C:\USERS\ATLAS\DOCUMENTS\XILERO EMULATOR\XILERO\VCPROJ-9\MAP-SERVER_SQL\RELEASE\PC.OBJ
C:\USERS\ATLAS\DOCUMENTS\XILERO EMULATOR\XILERO\VCPROJ-9\MAP-SERVER_SQL\RELEASE\PET.OBJ
C:\USERS\ATLAS\DOCUMENTS\XILERO EMULATOR\XILERO\VCPROJ-9\MAP-SERVER_SQL\RELEASE\PLUGINS.OBJ
C:\USERS\ATLAS\DOCUMENTS\XILERO EMULATOR\XILERO\VCPROJ-9\MAP-SERVER_SQL\RELEASE\QUEST.OBJ
C:\USERS\ATLAS\DOCUMENTS\XILERO EMULATOR\XILERO\VCPROJ-9\MAP-SERVER_SQL\RELEASE\RANDOM.OBJ
C:\USERS\ATLAS\DOCUMENTS\XILERO EMULATOR\XILERO\VCPROJ-9\MAP-SERVER_SQL\RELEASE\SCRIPT.OBJ
C:\USERS\ATLAS\DOCUMENTS\XILERO EMULATOR\XILERO\VCPROJ-9\MAP-SERVER_SQL\RELEASE\SEARCHSTORE.OBJ
C:\USERS\ATLAS\DOCUMENTS\XILERO EMULATOR\XILERO\VCPROJ-9\MAP-SERVER_SQL\RELEASE\SHOWMSG.OBJ
C:\USERS\ATLAS\DOCUMENTS\XILERO EMULATOR\XILERO\VCPROJ-9\MAP-SERVER_SQL\RELEASE\SKILL.OBJ
C:\USERS\ATLAS\DOCUMENTS\XILERO EMULATOR\XILERO\VCPROJ-9\MAP-SERVER_SQL\RELEASE\SOCKET.OBJ
C:\USERS\ATLAS\DOCUMENTS\XILERO EMULATOR\XILERO\VCPROJ-9\MAP-SERVER_SQL\RELEASE\SQL.OBJ
C:\USERS\ATLAS\DOCUMENTS\XILERO EMULATOR\XILERO\VCPROJ-9\MAP-SERVER_SQL\RELEASE\STATUS.OBJ
C:\USERS\ATLAS\DOCUMENTS\XILERO EMULATOR\XILERO\VCPROJ-9\MAP-SERVER_SQL\RELEASE\STORAGE.OBJ
C:\USERS\ATLAS\DOCUMENTS\XILERO EMULATOR\XILERO\VCPROJ-9\MAP-SERVER_SQL\RELEASE\STRLIB.OBJ
C:\USERS\ATLAS\DOCUMENTS\XILERO EMULATOR\XILERO\VCPROJ-9\MAP-SERVER_SQL\RELEASE\TIMER.OBJ
C:\USERS\ATLAS\DOCUMENTS\XILERO EMULATOR\XILERO\VCPROJ-9\MAP-SERVER_SQL\RELEASE\TRADE.OBJ
C:\USERS\ATLAS\DOCUMENTS\XILERO EMULATOR\XILERO\VCPROJ-9\MAP-SERVER_SQL\RELEASE\UNIT.OBJ
C:\USERS\ATLAS\DOCUMENTS\XILERO EMULATOR\XILERO\VCPROJ-9\MAP-SERVER_SQL\RELEASE\UTILS.OBJ
C:\USERS\ATLAS\DOCUMENTS\XILERO EMULATOR\XILERO\VCPROJ-9\MAP-SERVER_SQL\RELEASE\VC100.PDB
C:\USERS\ATLAS\DOCUMENTS\XILERO EMULATOR\XILERO\VCPROJ-9\MAP-SERVER_SQL\RELEASE\VENDING.OBJ
