..\mapcache.pdb
C:\USERS\ATLAS\DOCUMENTS\XILERO EMULATOR\XILERO\MAPCACHE.EXE
C:\USERS\ATLAS\DOCUMENTS\XILERO EMULATOR\XILERO\MAPCACHE.PDB
C:\Users\atlas\Documents\XileRO Emulator\XileRO\vcproj-9\..\mapcache.exe
C:\Users\atlas\Documents\XileRO Emulator\XileRO\vcproj-9\mapcache\Release\cl.command.1.tlog
C:\Users\atlas\Documents\XileRO Emulator\XileRO\vcproj-9\mapcache\Release\CL.read.1.tlog
C:\Users\atlas\Documents\XileRO Emulator\XileRO\vcproj-9\mapcache\Release\CL.write.1.tlog
C:\USERS\ATLAS\DOCUMENTS\XILERO EMULATOR\XILERO\VCPROJ-9\MAPCACHE\RELEASE\CORE.OBJ
C:\USERS\ATLAS\DOCUMENTS\XILERO EMULATOR\XILERO\VCPROJ-9\MAPCACHE\RELEASE\GRFIO.OBJ
C:\Users\atlas\Documents\XileRO Emulator\XileRO\vcproj-9\mapcache\Release\link.command.1.tlog
C:\Users\atlas\Documents\XileRO Emulator\XileRO\vcproj-9\mapcache\Release\link.read.1.tlog
C:\Users\atlas\Documents\XileRO Emulator\XileRO\vcproj-9\mapcache\Release\link.write.1.tlog
C:\USERS\ATLAS\DOCUMENTS\XILERO EMULATOR\XILERO\VCPROJ-9\MAPCACHE\RELEASE\MALLOC.OBJ
C:\USERS\ATLAS\DOCUMENTS\XILERO EMULATOR\XILERO\VCPROJ-9\MAPCACHE\RELEASE\MAPCACHE.EXE.INTERMEDIATE.MANIFEST
C:\USERS\ATLAS\DOCUMENTS\XILERO EMULATOR\XILERO\VCPROJ-9\MAPCACHE\RELEASE\MAPCACHE.OBJ
C:\Users\atlas\Documents\XileRO Emulator\XileRO\vcproj-9\mapcache\Release\mapcache.write.1.tlog
C:\Users\atlas\Documents\XileRO Emulator\XileRO\vcproj-9\mapcache\Release\mt.command.1.tlog
C:\Users\atlas\Documents\XileRO Emulator\XileRO\vcproj-9\mapcache\Release\mt.read.1.tlog
C:\Users\atlas\Documents\XileRO Emulator\XileRO\vcproj-9\mapcache\Release\mt.write.1.tlog
C:\USERS\ATLAS\DOCUMENTS\XILERO EMULATOR\XILERO\VCPROJ-9\MAPCACHE\RELEASE\SHOWMSG.OBJ
C:\USERS\ATLAS\DOCUMENTS\XILERO EMULATOR\XILERO\VCPROJ-9\MAPCACHE\RELEASE\STRLIB.OBJ
C:\USERS\ATLAS\DOCUMENTS\XILERO EMULATOR\XILERO\VCPROJ-9\MAPCACHE\RELEASE\UTILS.OBJ
C:\USERS\ATLAS\DOCUMENTS\XILERO EMULATOR\XILERO\VCPROJ-9\MAPCACHE\RELEASE\VC100.PDB
