..\char-server_sql.pdb
C:\USERS\ATLAS\DOCUMENTS\XILERO EMULATOR\XILERO\CHAR-SERVER_SQL.EXE
C:\USERS\ATLAS\DOCUMENTS\XILERO EMULATOR\XILERO\CHAR-SERVER_SQL.PDB
C:\Users\atlas\Documents\XileRO Emulator\XileRO\vcproj-9\..\char-server_sql.exe
C:\USERS\ATLAS\DOCUMENTS\XILERO EMULATOR\XILERO\VCPROJ-9\CHAR-SERVER_SQL\RELEASE\CHAR.OBJ
C:\USERS\ATLAS\DOCUMENTS\XILERO EMULATOR\XILERO\VCPROJ-9\CHAR-SERVER_SQL\RELEASE\CHAR-SERVER_SQL.EXE.INTERMEDIATE.MANIFEST
C:\Users\atlas\Documents\XileRO Emulator\XileRO\vcproj-9\char-server_sql\Release\char-server_sql.vcxprojResolveAssemblyReference.cache
C:\Users\atlas\Documents\XileRO Emulator\XileRO\vcproj-9\char-server_sql\Release\char-server_sql.write.1.tlog
C:\Users\atlas\Documents\XileRO Emulator\XileRO\vcproj-9\char-server_sql\Release\cl.command.1.tlog
C:\Users\atlas\Documents\XileRO Emulator\XileRO\vcproj-9\char-server_sql\Release\CL.read.1.tlog
C:\Users\atlas\Documents\XileRO Emulator\XileRO\vcproj-9\char-server_sql\Release\CL.write.1.tlog
C:\USERS\ATLAS\DOCUMENTS\XILERO EMULATOR\XILERO\VCPROJ-9\CHAR-SERVER_SQL\RELEASE\CORE.OBJ
C:\USERS\ATLAS\DOCUMENTS\XILERO EMULATOR\XILERO\VCPROJ-9\CHAR-SERVER_SQL\RELEASE\DB.OBJ
C:\USERS\ATLAS\DOCUMENTS\XILERO EMULATOR\XILERO\VCPROJ-9\CHAR-SERVER_SQL\RELEASE\ERS.OBJ
C:\USERS\ATLAS\DOCUMENTS\XILERO EMULATOR\XILERO\VCPROJ-9\CHAR-SERVER_SQL\RELEASE\INT_AUCTION.OBJ
C:\USERS\ATLAS\DOCUMENTS\XILERO EMULATOR\XILERO\VCPROJ-9\CHAR-SERVER_SQL\RELEASE\INT_ELEMENTAL.OBJ
C:\USERS\ATLAS\DOCUMENTS\XILERO EMULATOR\XILERO\VCPROJ-9\CHAR-SERVER_SQL\RELEASE\INT_GUILD.OBJ
C:\USERS\ATLAS\DOCUMENTS\XILERO EMULATOR\XILERO\VCPROJ-9\CHAR-SERVER_SQL\RELEASE\INT_HOMUN.OBJ
C:\USERS\ATLAS\DOCUMENTS\XILERO EMULATOR\XILERO\VCPROJ-9\CHAR-SERVER_SQL\RELEASE\INT_MAIL.OBJ
C:\USERS\ATLAS\DOCUMENTS\XILERO EMULATOR\XILERO\VCPROJ-9\CHAR-SERVER_SQL\RELEASE\INT_MERCENARY.OBJ
C:\USERS\ATLAS\DOCUMENTS\XILERO EMULATOR\XILERO\VCPROJ-9\CHAR-SERVER_SQL\RELEASE\INT_PARTY.OBJ
C:\USERS\ATLAS\DOCUMENTS\XILERO EMULATOR\XILERO\VCPROJ-9\CHAR-SERVER_SQL\RELEASE\INT_PET.OBJ
C:\USERS\ATLAS\DOCUMENTS\XILERO EMULATOR\XILERO\VCPROJ-9\CHAR-SERVER_SQL\RELEASE\INT_QUEST.OBJ
C:\USERS\ATLAS\DOCUMENTS\XILERO EMULATOR\XILERO\VCPROJ-9\CHAR-SERVER_SQL\RELEASE\INT_STORAGE.OBJ
C:\USERS\ATLAS\DOCUMENTS\XILERO EMULATOR\XILERO\VCPROJ-9\CHAR-SERVER_SQL\RELEASE\INTER.OBJ
C:\Users\atlas\Documents\XileRO Emulator\XileRO\vcproj-9\char-server_sql\Release\link.command.1.tlog
C:\Users\atlas\Documents\XileRO Emulator\XileRO\vcproj-9\char-server_sql\Release\link.read.1.tlog
C:\Users\atlas\Documents\XileRO Emulator\XileRO\vcproj-9\char-server_sql\Release\link.write.1.tlog
C:\USERS\ATLAS\DOCUMENTS\XILERO EMULATOR\XILERO\VCPROJ-9\CHAR-SERVER_SQL\RELEASE\LOCK.OBJ
C:\USERS\ATLAS\DOCUMENTS\XILERO EMULATOR\XILERO\VCPROJ-9\CHAR-SERVER_SQL\RELEASE\MALLOC.OBJ
C:\USERS\ATLAS\DOCUMENTS\XILERO EMULATOR\XILERO\VCPROJ-9\CHAR-SERVER_SQL\RELEASE\MAPINDEX.OBJ
C:\Users\atlas\Documents\XileRO Emulator\XileRO\vcproj-9\char-server_sql\Release\mt.command.1.tlog
C:\Users\atlas\Documents\XileRO Emulator\XileRO\vcproj-9\char-server_sql\Release\mt.read.1.tlog
C:\Users\atlas\Documents\XileRO Emulator\XileRO\vcproj-9\char-server_sql\Release\mt.write.1.tlog
C:\USERS\ATLAS\DOCUMENTS\XILERO EMULATOR\XILERO\VCPROJ-9\CHAR-SERVER_SQL\RELEASE\MT19937AR.OBJ
C:\USERS\ATLAS\DOCUMENTS\XILERO EMULATOR\XILERO\VCPROJ-9\CHAR-SERVER_SQL\RELEASE\NULLPO.OBJ
C:\USERS\ATLAS\DOCUMENTS\XILERO EMULATOR\XILERO\VCPROJ-9\CHAR-SERVER_SQL\RELEASE\PLUGINS.OBJ
C:\USERS\ATLAS\DOCUMENTS\XILERO EMULATOR\XILERO\VCPROJ-9\CHAR-SERVER_SQL\RELEASE\RANDOM.OBJ
C:\USERS\ATLAS\DOCUMENTS\XILERO EMULATOR\XILERO\VCPROJ-9\CHAR-SERVER_SQL\RELEASE\SHOWMSG.OBJ
C:\USERS\ATLAS\DOCUMENTS\XILERO EMULATOR\XILERO\VCPROJ-9\CHAR-SERVER_SQL\RELEASE\SOCKET.OBJ
C:\USERS\ATLAS\DOCUMENTS\XILERO EMULATOR\XILERO\VCPROJ-9\CHAR-SERVER_SQL\RELEASE\SQL.OBJ
C:\USERS\ATLAS\DOCUMENTS\XILERO EMULATOR\XILERO\VCPROJ-9\CHAR-SERVER_SQL\RELEASE\STRLIB.OBJ
C:\USERS\ATLAS\DOCUMENTS\XILERO EMULATOR\XILERO\VCPROJ-9\CHAR-SERVER_SQL\RELEASE\TIMER.OBJ
C:\USERS\ATLAS\DOCUMENTS\XILERO EMULATOR\XILERO\VCPROJ-9\CHAR-SERVER_SQL\RELEASE\UTILS.OBJ
C:\USERS\ATLAS\DOCUMENTS\XILERO EMULATOR\XILERO\VCPROJ-9\CHAR-SERVER_SQL\RELEASE\VC100.PDB
