..\login-server_sql.pdb
C:\USERS\ATLAS\DOCUMENTS\XILERO EMULATOR\XILERO\LOGIN-SERVER_SQL.EXE
C:\USERS\ATLAS\DOCUMENTS\XILERO EMULATOR\XILERO\LOGIN-SERVER_SQL.PDB
C:\Users\atlas\Documents\XileRO Emulator\XileRO\vcproj-9\..\login-server_sql.exe
C:\USERS\ATLAS\DOCUMENTS\XILERO EMULATOR\XILERO\VCPROJ-9\LOGIN-SERVER_SQL\RELEASE\ACCOUNT_SQL.OBJ
C:\Users\atlas\Documents\XileRO Emulator\XileRO\vcproj-9\login-server_sql\Release\cl.command.1.tlog
C:\Users\atlas\Documents\XileRO Emulator\XileRO\vcproj-9\login-server_sql\Release\CL.read.1.tlog
C:\Users\atlas\Documents\XileRO Emulator\XileRO\vcproj-9\login-server_sql\Release\CL.write.1.tlog
C:\USERS\ATLAS\DOCUMENTS\XILERO EMULATOR\XILERO\VCPROJ-9\LOGIN-SERVER_SQL\RELEASE\CORE.OBJ
C:\USERS\ATLAS\DOCUMENTS\XILERO EMULATOR\XILERO\VCPROJ-9\LOGIN-SERVER_SQL\RELEASE\DB.OBJ
C:\USERS\ATLAS\DOCUMENTS\XILERO EMULATOR\XILERO\VCPROJ-9\LOGIN-SERVER_SQL\RELEASE\ERS.OBJ
C:\USERS\ATLAS\DOCUMENTS\XILERO EMULATOR\XILERO\VCPROJ-9\LOGIN-SERVER_SQL\RELEASE\IPBAN_SQL.OBJ
C:\Users\atlas\Documents\XileRO Emulator\XileRO\vcproj-9\login-server_sql\Release\link.command.1.tlog
C:\Users\atlas\Documents\XileRO Emulator\XileRO\vcproj-9\login-server_sql\Release\link.read.1.tlog
C:\Users\atlas\Documents\XileRO Emulator\XileRO\vcproj-9\login-server_sql\Release\link.write.1.tlog
C:\USERS\ATLAS\DOCUMENTS\XILERO EMULATOR\XILERO\VCPROJ-9\LOGIN-SERVER_SQL\RELEASE\LOCK.OBJ
C:\USERS\ATLAS\DOCUMENTS\XILERO EMULATOR\XILERO\VCPROJ-9\LOGIN-SERVER_SQL\RELEASE\LOGIN.OBJ
C:\USERS\ATLAS\DOCUMENTS\XILERO EMULATOR\XILERO\VCPROJ-9\LOGIN-SERVER_SQL\RELEASE\LOGINLOG_SQL.OBJ
C:\USERS\ATLAS\DOCUMENTS\XILERO EMULATOR\XILERO\VCPROJ-9\LOGIN-SERVER_SQL\RELEASE\LOGIN-SERVER_SQL.EXE.INTERMEDIATE.MANIFEST
C:\Users\atlas\Documents\XileRO Emulator\XileRO\vcproj-9\login-server_sql\Release\login-server_sql.vcxprojResolveAssemblyReference.cache
C:\Users\atlas\Documents\XileRO Emulator\XileRO\vcproj-9\login-server_sql\Release\login-server_sql.write.1.tlog
C:\USERS\ATLAS\DOCUMENTS\XILERO EMULATOR\XILERO\VCPROJ-9\LOGIN-SERVER_SQL\RELEASE\MALLOC.OBJ
C:\USERS\ATLAS\DOCUMENTS\XILERO EMULATOR\XILERO\VCPROJ-9\LOGIN-SERVER_SQL\RELEASE\MD5CALC.OBJ
C:\Users\atlas\Documents\XileRO Emulator\XileRO\vcproj-9\login-server_sql\Release\mt.command.1.tlog
C:\Users\atlas\Documents\XileRO Emulator\XileRO\vcproj-9\login-server_sql\Release\mt.read.1.tlog
C:\Users\atlas\Documents\XileRO Emulator\XileRO\vcproj-9\login-server_sql\Release\mt.write.1.tlog
C:\USERS\ATLAS\DOCUMENTS\XILERO EMULATOR\XILERO\VCPROJ-9\LOGIN-SERVER_SQL\RELEASE\MT19937AR.OBJ
C:\USERS\ATLAS\DOCUMENTS\XILERO EMULATOR\XILERO\VCPROJ-9\LOGIN-SERVER_SQL\RELEASE\NULLPO.OBJ
C:\USERS\ATLAS\DOCUMENTS\XILERO EMULATOR\XILERO\VCPROJ-9\LOGIN-SERVER_SQL\RELEASE\PLUGINS.OBJ
C:\USERS\ATLAS\DOCUMENTS\XILERO EMULATOR\XILERO\VCPROJ-9\LOGIN-SERVER_SQL\RELEASE\RANDOM.OBJ
C:\USERS\ATLAS\DOCUMENTS\XILERO EMULATOR\XILERO\VCPROJ-9\LOGIN-SERVER_SQL\RELEASE\SHOWMSG.OBJ
C:\USERS\ATLAS\DOCUMENTS\XILERO EMULATOR\XILERO\VCPROJ-9\LOGIN-SERVER_SQL\RELEASE\SOCKET.OBJ
C:\USERS\ATLAS\DOCUMENTS\XILERO EMULATOR\XILERO\VCPROJ-9\LOGIN-SERVER_SQL\RELEASE\SQL.OBJ
C:\USERS\ATLAS\DOCUMENTS\XILERO EMULATOR\XILERO\VCPROJ-9\LOGIN-SERVER_SQL\RELEASE\STRLIB.OBJ
C:\USERS\ATLAS\DOCUMENTS\XILERO EMULATOR\XILERO\VCPROJ-9\LOGIN-SERVER_SQL\RELEASE\TIMER.OBJ
C:\USERS\ATLAS\DOCUMENTS\XILERO EMULATOR\XILERO\VCPROJ-9\LOGIN-SERVER_SQL\RELEASE\UTILS.OBJ
C:\USERS\ATLAS\DOCUMENTS\XILERO EMULATOR\XILERO\VCPROJ-9\LOGIN-SERVER_SQL\RELEASE\VC100.PDB
